This is pdfTeX, Version 3.14159265-2.6-1.40.17 (TeX Live 2016/MacPorts 2016_3) (preloaded format=pdflatex 2016.11.27)  31 MAR 2018 18:42
entering extended mode
 restricted \write18 enabled.
 %&-line parsing enabled.
**segabs.ltx
(./segabs.ltx
LaTeX2e <2016/03/31>
Babel <3.9r> and hyphenation patterns for 47 language(s) loaded.
(/Users/samir/Library/texmf/tex/latex/seg/segabs.cls
Document Class: segabs 2005/04/03 v1.0 SEG expanded abstract
(/opt/local/share/texmf-texlive/tex/latex/base/ifthen.sty
Package: ifthen 2014/09/29 v1.1c Standard LaTeX ifthen package (DPC)
)
(/opt/local/share/texmf-texlive/tex/latex/base/article.cls
Document Class: article 2014/09/29 v1.4h Standard LaTeX document class
(/opt/local/share/texmf-texlive/tex/latex/base/size11.clo
File: size11.clo 2014/09/29 v1.4h Standard LaTeX file (size option)
)
\c@part=\count79
\c@section=\count80
\c@subsection=\count81
\c@subsubsection=\count82
\c@paragraph=\count83
\c@subparagraph=\count84
\c@figure=\count85
\c@table=\count86
\abovecaptionskip=\skip41
\belowcaptionskip=\skip42
\bibindent=\dimen102
)
LaTeX Font Info:    Redeclaring symbol font `largesymbols' on input line 48.
LaTeX Font Info:    Overwriting symbol font `largesymbols' in version `normal'
(Font)                  OMX/cmex/m/n --> OMX/cmex/m/n on input line 48.
LaTeX Font Info:    Overwriting symbol font `largesymbols' in version `bold'
(Font)                  OMX/cmex/m/n --> OMX/cmex/m/n on input line 48.

(/Users/samir/Library/texmf/tex/latex/seg/seg.sty
(/opt/local/share/texmf-texlive/tex/generic/oberdiek/ifpdf.sty
Package: ifpdf 2016/05/14 v3.1 Provides the ifpdf switch
)
(/opt/local/share/texmf-texlive/tex/latex/graphics/graphicx.sty
Package: graphicx 2014/10/28 v1.0g Enhanced LaTeX Graphics (DPC,SPQR)

(/opt/local/share/texmf-texlive/tex/latex/graphics/keyval.sty
Package: keyval 2014/10/28 v1.15 key=value parser (DPC)
\KV@toks@=\toks14
)
(/opt/local/share/texmf-texlive/tex/latex/graphics/graphics.sty
Package: graphics 2016/05/09 v1.0r Standard LaTeX Graphics (DPC,SPQR)

(/opt/local/share/texmf-texlive/tex/latex/graphics/trig.sty
Package: trig 2016/01/03 v1.10 sin cos tan (DPC)
)
(/opt/local/share/texmf-texlive/tex/latex/graphics-cfg/graphics.cfg
File: graphics.cfg 2016/01/02 v1.10 sample graphics configuration
)
Package graphics Info: Driver file: pdftex.def on input line 96.

(/opt/local/share/texmf-texlive/tex/latex/pdftex-def/pdftex.def
File: pdftex.def 2011/05/27 v0.06d Graphics/color for pdfTeX

(/opt/local/share/texmf-texlive/tex/generic/oberdiek/infwarerr.sty
Package: infwarerr 2016/05/16 v1.4 Providing info/warning/error messages (HO)
)
(/opt/local/share/texmf-texlive/tex/generic/oberdiek/ltxcmds.sty
Package: ltxcmds 2016/05/16 v1.23 LaTeX kernel commands for general use (HO)
)
\Gread@gobject=\count87
))
\Gin@req@height=\dimen103
\Gin@req@width=\dimen104
)
(/opt/local/share/texmf-texlive/tex/latex/tools/verbatim.sty
Package: verbatim 2014/10/28 v1.5q LaTeX2e package for verbatim enhancements
\every@verbatim=\toks15
\verbatim@line=\toks16
\verbatim@in@stream=\read1
)
(/opt/local/share/texmf-texlive/tex/latex/moreverb/moreverb.sty
Package: moreverb 2008/06/03 v2.3a `more' verbatim facilities
\tab@position=\count88
\tab@size=\count89
\listing@line=\count90
))
\c@@plots=\count91

(/opt/local/share/texmf-texlive/tex/latex/subfig/subfig.sty
Package: subfig 2005/06/28 ver: 1.3 subfig package

(/opt/local/share/texmf-texlive/tex/latex/caption/caption.sty
Package: caption 2016/02/21 v3.3-144 Customizing captions (AR)

(/opt/local/share/texmf-texlive/tex/latex/caption/caption3.sty
Package: caption3 2016/02/04 v1.7-139 caption3 kernel (AR)
Package caption3 Info: TeX engine: e-TeX on input line 67.
\captionmargin=\dimen105
\captionmargin@=\dimen106
\captionwidth=\dimen107
\caption@tempdima=\dimen108
\caption@indent=\dimen109
\caption@parindent=\dimen110
\caption@hangindent=\dimen111
)
\c@ContinuedFloat=\count92
)
\c@KVtest=\count93
\sf@farskip=\skip43
\sf@captopadj=\dimen112
\sf@capskip=\skip44
\sf@nearskip=\skip45
\c@subfigure=\count94
\c@subfigure@save=\count95
\c@lofdepth=\count96
\c@subtable=\count97
\c@subtable@save=\count98
\c@lotdepth=\count99
\sf@top=\skip46
\sf@bottom=\skip47
)
\c@sub@fig=\count100

(/opt/local/share/texmf-texlive/tex/latex/natbib/natbib.sty
Package: natbib 2010/09/13 8.31b (PWD, AO)
\bibhang=\skip48
\bibsep=\skip49
LaTeX Info: Redefining \cite on input line 694.
\c@NAT@ctr=\count101
)
LaTeX Info: Redefining \refname on input line 137.
\c@@append=\count102
)
(/opt/local/share/texmf-texlive/tex/latex/graphics/color.sty
Package: color 2016/05/09 v1.1c Standard LaTeX Color (DPC)

(/opt/local/share/texmf-texlive/tex/latex/graphics-cfg/color.cfg
File: color.cfg 2016/01/02 v1.6 sample color configuration
)
Package color Info: Driver file: pdftex.def on input line 144.
)
(/opt/local/share/texmf-texlive/tex/latex/listings/listings.sty
\lst@mode=\count103
\lst@gtempboxa=\box26
\lst@token=\toks17
\lst@length=\count104
\lst@currlwidth=\dimen113
\lst@column=\count105
\lst@pos=\count106
\lst@lostspace=\dimen114
\lst@width=\dimen115
\lst@newlines=\count107
\lst@lineno=\count108
\lst@maxwidth=\dimen116

(/opt/local/share/texmf-texlive/tex/latex/listings/lstmisc.sty
File: lstmisc.sty 2015/06/04 1.6 (Carsten Heinz)
\c@lstnumber=\count109
\lst@skipnumbers=\count110
\lst@framebox=\box27
)
(/opt/local/share/texmf-texlive/tex/latex/listings/listings.cfg
File: listings.cfg 2015/06/04 1.6 listings configuration
))
Package: listings 2015/06/04 1.6 (Carsten Heinz)

(/opt/local/share/texmf-texlive/tex/latex/amsmath/amsmath.sty
Package: amsmath 2016/03/10 v2.15b AMS math features
\@mathmargin=\skip50

For additional information on amsmath, use the `?' option.
(/opt/local/share/texmf-texlive/tex/latex/amsmath/amstext.sty
Package: amstext 2000/06/29 v2.01 AMS text

(/opt/local/share/texmf-texlive/tex/latex/amsmath/amsgen.sty
File: amsgen.sty 1999/11/30 v2.0 generic functions
\@emptytoks=\toks18
\ex@=\dimen117
))
(/opt/local/share/texmf-texlive/tex/latex/amsmath/amsbsy.sty
Package: amsbsy 1999/11/29 v1.2d Bold Symbols
\pmbraise@=\dimen118
)
(/opt/local/share/texmf-texlive/tex/latex/amsmath/amsopn.sty
Package: amsopn 2016/03/08 v2.02 operator names
)
\inf@bad=\count111
LaTeX Info: Redefining \frac on input line 199.
\uproot@=\count112
\leftroot@=\count113
LaTeX Info: Redefining \overline on input line 297.
\classnum@=\count114
\DOTSCASE@=\count115
LaTeX Info: Redefining \ldots on input line 394.
LaTeX Info: Redefining \dots on input line 397.
LaTeX Info: Redefining \cdots on input line 518.
\Mathstrutbox@=\box28
\strutbox@=\box29
\big@size=\dimen119
LaTeX Font Info:    Redeclaring font encoding OML on input line 634.
LaTeX Font Info:    Redeclaring font encoding OMS on input line 635.
\macc@depth=\count116
\c@MaxMatrixCols=\count117
\dotsspace@=\muskip10
\c@parentequation=\count118
\dspbrk@lvl=\count119
\tag@help=\toks19
\row@=\count120
\column@=\count121
\maxfields@=\count122
\andhelp@=\toks20
\eqnshift@=\dimen120
\alignsep@=\dimen121
\tagshift@=\dimen122
\tagwidth@=\dimen123
\totwidth@=\dimen124
\lineht@=\dimen125
\@envbody=\toks21
\multlinegap=\skip51
\multlinetaggap=\skip52
\mathdisplay@stack=\toks22
LaTeX Info: Redefining \[ on input line 2739.
LaTeX Info: Redefining \] on input line 2740.
)
(/opt/local/share/texmf-texlive/tex/latex/amsfonts/amssymb.sty
Package: amssymb 2013/01/14 v3.01 AMS font symbols

(/opt/local/share/texmf-texlive/tex/latex/amsfonts/amsfonts.sty
Package: amsfonts 2013/01/14 v3.01 Basic AMSFonts support
\symAMSa=\mathgroup4
\symAMSb=\mathgroup5
LaTeX Font Info:    Overwriting math alphabet `\mathfrak' in version `bold'
(Font)                  U/euf/m/n --> U/euf/b/n on input line 106.
)) (./segabs.aux)
\openout1 = `segabs.aux'.

LaTeX Font Info:    Checking defaults for OML/cmm/m/it on input line 14.
LaTeX Font Info:    ... okay on input line 14.
LaTeX Font Info:    Checking defaults for T1/cmr/m/n on input line 14.
LaTeX Font Info:    ... okay on input line 14.
LaTeX Font Info:    Checking defaults for OT1/cmr/m/n on input line 14.
LaTeX Font Info:    ... okay on input line 14.
LaTeX Font Info:    Checking defaults for OMS/cmsy/m/n on input line 14.
LaTeX Font Info:    ... okay on input line 14.
LaTeX Font Info:    Checking defaults for OMX/cmex/m/n on input line 14.
LaTeX Font Info:    ... okay on input line 14.
LaTeX Font Info:    Checking defaults for U/cmr/m/n on input line 14.
LaTeX Font Info:    ... okay on input line 14.
 (/opt/local/share/texmf-texlive/tex/context/base/mkii/supp-pdf.mkii
[Loading MPS to PDF converter (version 2006.09.02).]
\scratchcounter=\count123
\scratchdimen=\dimen126
\scratchbox=\box30
\nofMPsegments=\count124
\nofMParguments=\count125
\everyMPshowfont=\toks23
\MPscratchCnt=\count126
\MPscratchDim=\dimen127
\MPnumerator=\count127
\makeMPintoPDFobject=\count128
\everyMPtoPDFconversion=\toks24
) (/opt/local/share/texmf-texlive/tex/generic/oberdiek/pdftexcmds.sty
Package: pdftexcmds 2016/05/10 v0.21 Utility functions of pdfTeX for LuaTeX (HO
)

(/opt/local/share/texmf-texlive/tex/generic/oberdiek/ifluatex.sty
Package: ifluatex 2016/05/16 v1.4 Provides the ifluatex switch (HO)
Package ifluatex Info: LuaTeX not detected.
)
Package pdftexcmds Info: LuaTeX not detected.
Package pdftexcmds Info: \pdf@primitive is available.
Package pdftexcmds Info: \pdf@ifprimitive is available.
Package pdftexcmds Info: \pdfdraftmode found.
)
(/opt/local/share/texmf-texlive/tex/latex/oberdiek/epstopdf-base.sty
Package: epstopdf-base 2016/05/15 v2.6 Base part for package epstopdf

(/opt/local/share/texmf-texlive/tex/latex/oberdiek/grfext.sty
Package: grfext 2016/05/16 v1.2 Manage graphics extensions (HO)

(/opt/local/share/texmf-texlive/tex/generic/oberdiek/kvdefinekeys.sty
Package: kvdefinekeys 2016/05/16 v1.4 Define keys (HO)
))
(/opt/local/share/texmf-texlive/tex/latex/oberdiek/kvoptions.sty
Package: kvoptions 2016/05/16 v3.12 Key value format for package options (HO)

(/opt/local/share/texmf-texlive/tex/generic/oberdiek/kvsetkeys.sty
Package: kvsetkeys 2016/05/16 v1.17 Key value parser (HO)

(/opt/local/share/texmf-texlive/tex/generic/oberdiek/etexcmds.sty
Package: etexcmds 2016/05/16 v1.6 Avoid name clashes with e-TeX commands (HO)
Package etexcmds Info: Could not find \expanded.
(etexcmds)             That can mean that you are not using pdfTeX 1.50 or
(etexcmds)             that some package has redefined \expanded.
(etexcmds)             In the latter case, load this package earlier.
)))
Package grfext Info: Graphics extension search list:
(grfext)             [.pdf,.png,.eps]
(grfext)             \AppendGraphicsExtensions on input line 456.

(/opt/local/share/texmf-texlive/tex/latex/latexconfig/epstopdf-sys.cfg
File: epstopdf-sys.cfg 2010/07/13 v1.3 Configuration of (r)epstopdf for TeX Liv
e
))
Package caption Info: Begin \AtBeginDocument code.
Package caption Info: subfig package v1.3 is loaded.
Package caption Info: listings package is loaded.
Package caption Info: End \AtBeginDocument code.
\c@lstlisting=\count129

(./pcsmacros.tex) <./Fig/dasngeophone.pdf, id=1, 884.30376pt x 516.93124pt>
File: ./Fig/dasngeophone.pdf Graphic file (type pdf)

<use ./Fig/dasngeophone.pdf>
Package pdftex.def Info: ./Fig/dasngeophone.pdf used on input line 35.
(pdftex.def)             Requested size: 211.3883pt x 123.5691pt.
LaTeX Font Info:    Try loading font information for U+msa on input line 37.

(/opt/local/share/texmf-texlive/tex/latex/amsfonts/umsa.fd
File: umsa.fd 2013/01/14 v3.01 AMS symbols A
)
LaTeX Font Info:    Try loading font information for U+msb on input line 37.

(/opt/local/share/texmf-texlive/tex/latex/amsfonts/umsb.fd
File: umsb.fd 2013/01/14 v3.01 AMS symbols B
) [1{/opt/local/var/db/texmf/fonts/map/pdftex/updmap/pdftex.map}


 <./Fig/dasngeophone.pdf>]
<./Fig/SVReflection2.pdf, id=15, 761.78743pt x 430.09122pt>
File: ./Fig/SVReflection2.pdf Graphic file (type pdf)

<use ./Fig/SVReflection2.pdf>
Package pdftex.def Info: ./Fig/SVReflection2.pdf used on input line 40.
(pdftex.def)             Requested size: 211.3883pt x 119.34187pt.

Overfull \hbox (0.60274pt too wide) in paragraph at lines 42--43
\OT1/cmr/m/n/9 ure 2[], only long-offset P-waves and short-offset SV-waves
 []

<./Fig/SSourceVp.pdf, id=16, 668.4975pt x 619.31375pt>
File: ./Fig/SSourceVp.pdf Graphic file (type pdf)

<use ./Fig/SSourceVp.pdf>
Package pdftex.def Info: ./Fig/SSourceVp.pdf used on input line 54.
(pdftex.def)             Requested size: 211.3883pt x 195.8314pt.

Overfull \hbox (3.03629pt too wide) in paragraph at lines 56--57
\OT1/cmr/m/n/9 fer-ence mod-el-ing (FDM) code (\OT1/cmr/m/it/9 ewefdm\OT1/cmr/m
/n/9 ) present in Mada-
 []

[2 <./Fig/SVReflection2.pdf> <./Fig/SSourceVp.pdf>]
Missing character: There is no Î in font cmr9!
Missing character: There is no » in font cmr9!
Missing character: There is no Î in font cmr9!
Missing character: There is no ¼ in font cmr9!

<./Fig/eimgs.pdf, id=48, 668.4975pt x 619.31375pt>
File: ./Fig/eimgs.pdf Graphic file (type pdf)
 <use ./Fig/eimgs.pdf>
Package pdftex.def Info: ./Fig/eimgs.pdf used on input line 79.
(pdftex.def)             Requested size: 211.3883pt x 195.8314pt.

<./Fig/2Tot.pdf, id=49, 668.4975pt x 619.31375pt>
File: ./Fig/2Tot.pdf Graphic file (type pdf)
 <use ./Fig/2Tot.pdf>
Package pdftex.def Info: ./Fig/2Tot.pdf used on input line 79.
(pdftex.def)             Requested size: 211.3883pt x 195.8314pt.

Overfull \hbox (9.60475pt too wide) in paragraph at lines 88--89
[]\OT1/cmr/m/n/9 The Inception-v3 model's abil-ity to iden-tify fea-tures withi
n
 []

<./Fig/reflectors.pdf, id=50, 650.43pt x 182.79843pt>
File: ./Fig/reflectors.pdf Graphic file (type pdf)

<use ./Fig/reflectors.pdf>
Package pdftex.def Info: ./Fig/reflectors.pdf used on input line 90.
(pdftex.def)             Requested size: 211.3883pt x 59.40878pt.

<./Fig/notreflectors.pdf, id=51, 648.1489pt x 177.71364pt>
File: ./Fig/notreflectors.pdf Graphic file (type pdf)

<use ./Fig/notreflectors.pdf>
Package pdftex.def Info: ./Fig/notreflectors.pdf used on input line 90.
(pdftex.def)             Requested size: 211.3883pt x 57.95961pt.

Overfull \hbox (7.40775pt too wide) in paragraph at lines 100--100
[] 
 []

[3]

LaTeX Warning: No positions in optional float specifier.
               Default added (so using `tbp') on input line 106.


LaTeX Warning: No positions in optional float specifier.
               Default added (so using `tbp') on input line 122.

(./segabs.bbl [4 <./Fig/eimgs.pdf> <./Fig/2Tot.pdf> <./Fig/reflectors.pdf> <./F
ig/notreflectors.pdf>]
Missing character: There is no â in font cmr9!
Missing character: There is no € in font cmr9!
Missing character: There is no ™ in font cmr9!
Missing character: There is no â in font cmr9!
Missing character: There is no € in font cmr9!
Missing character: There is no ™ in font cmr9!
Missing character: There is no â in font cmr9!
Missing character: There is no € in font cmr9!
Missing character: There is no ™ in font cmr9!
) [5

] (./segabs.aux) ) 
Here is how much of TeX's memory you used:
 5789 strings out of 494114
 81432 string characters out of 6155600
 151661 words of memory out of 5000000
 9077 multiletter control sequences out of 15000+600000
 9302 words of font info for 35 fonts, out of 8000000 for 9000
 430 hyphenation exceptions out of 8191
 51i,16n,55p,1007b,378s stack positions out of 5000i,500n,10000p,200000b,80000s
</opt/local/share/texmf-texlive/fonts/type1/public/amsfonts/c
m/cmbx10.pfb></opt/local/share/texmf-texlive/fonts/type1/public/amsfonts/cm/cmb
x9.pfb></opt/local/share/texmf-texlive/fonts/type1/public/amsfonts/cmextra/cmex
9.pfb></opt/local/share/texmf-texlive/fonts/type1/public/amsfonts/cm/cmmi6.pfb>
</opt/local/share/texmf-texlive/fonts/type1/public/amsfonts/cm/cmmi9.pfb></opt/
local/share/texmf-texlive/fonts/type1/public/amsfonts/cm/cmr6.pfb></opt/local/s
hare/texmf-texlive/fonts/type1/public/amsfonts/cm/cmr9.pfb></opt/local/share/te
xmf-texlive/fonts/type1/public/amsfonts/cm/cmsy9.pfb></opt/local/share/texmf-te
xlive/fonts/type1/public/amsfonts/cm/cmti10.pfb></opt/local/share/texmf-texlive
/fonts/type1/public/amsfonts/cm/cmti9.pfb>
Output written on segabs.pdf (5 pages, 1945509 bytes).
PDF statistics:
 160 PDF objects out of 1000 (max. 8388607)
 104 compressed objects within 2 object streams
 0 named destinations out of 1000 (max. 500000)
 36 words of extra memory for PDF output out of 10000 (max. 10000000)

