This is pdfTeX, Version 3.14159265-2.6-1.40.17 (TeX Live 2016/MacPorts 2016_3) (preloaded format=pdflatex 2016.11.27)  23 APR 2018 00:21
entering extended mode
 restricted \write18 enabled.
 %&-line parsing enabled.
**articleA.ltx
(./articleA.ltx
LaTeX2e <2016/03/31>
Babel <3.9r> and hyphenation patterns for 47 language(s) loaded.
(/Users/samir/Library/texmf/tex/latex/seg/geophysics.cls
Document Class: geophysics 2007/02/14 v3.0 Geophysics paper
(/opt/local/share/texmf-texlive/tex/latex/base/ifthen.sty
Package: ifthen 2014/09/29 v1.1c Standard LaTeX ifthen package (DPC)
)
(/opt/local/share/texmf-texlive/tex/latex/base/article.cls
Document Class: article 2014/09/29 v1.4h Standard LaTeX document class
(/opt/local/share/texmf-texlive/tex/latex/base/size11.clo
File: size11.clo 2014/09/29 v1.4h Standard LaTeX file (size option)
)
\c@part=\count79
\c@section=\count80
\c@subsection=\count81
\c@subsubsection=\count82
\c@paragraph=\count83
\c@subparagraph=\count84
\c@figure=\count85
\c@table=\count86
\abovecaptionskip=\skip41
\belowcaptionskip=\skip42
\bibindent=\dimen102
)
(/Users/samir/Library/texmf/tex/latex/seg/seg.sty
(/opt/local/share/texmf-texlive/tex/generic/oberdiek/ifpdf.sty
Package: ifpdf 2016/05/14 v3.1 Provides the ifpdf switch
)
(/opt/local/share/texmf-texlive/tex/latex/graphics/graphicx.sty
Package: graphicx 2014/10/28 v1.0g Enhanced LaTeX Graphics (DPC,SPQR)

(/opt/local/share/texmf-texlive/tex/latex/graphics/keyval.sty
Package: keyval 2014/10/28 v1.15 key=value parser (DPC)
\KV@toks@=\toks14
)
(/opt/local/share/texmf-texlive/tex/latex/graphics/graphics.sty
Package: graphics 2016/05/09 v1.0r Standard LaTeX Graphics (DPC,SPQR)

(/opt/local/share/texmf-texlive/tex/latex/graphics/trig.sty
Package: trig 2016/01/03 v1.10 sin cos tan (DPC)
)
(/opt/local/share/texmf-texlive/tex/latex/graphics-cfg/graphics.cfg
File: graphics.cfg 2016/01/02 v1.10 sample graphics configuration
)
Package graphics Info: Driver file: pdftex.def on input line 96.

(/opt/local/share/texmf-texlive/tex/latex/pdftex-def/pdftex.def
File: pdftex.def 2011/05/27 v0.06d Graphics/color for pdfTeX

(/opt/local/share/texmf-texlive/tex/generic/oberdiek/infwarerr.sty
Package: infwarerr 2016/05/16 v1.4 Providing info/warning/error messages (HO)
)
(/opt/local/share/texmf-texlive/tex/generic/oberdiek/ltxcmds.sty
Package: ltxcmds 2016/05/16 v1.23 LaTeX kernel commands for general use (HO)
)
\Gread@gobject=\count87
))
\Gin@req@height=\dimen103
\Gin@req@width=\dimen104
)
(/opt/local/share/texmf-texlive/tex/latex/tools/verbatim.sty
Package: verbatim 2014/10/28 v1.5q LaTeX2e package for verbatim enhancements
\every@verbatim=\toks15
\verbatim@line=\toks16
\verbatim@in@stream=\read1
)
(/opt/local/share/texmf-texlive/tex/latex/moreverb/moreverb.sty
Package: moreverb 2008/06/03 v2.3a `more' verbatim facilities
\tab@position=\count88
\tab@size=\count89
\listing@line=\count90
))
(/opt/local/share/texmf-texlive/tex/latex/rotating/rotating.sty
Package: rotating 2009/03/28 v2.16a rotated objects in LaTeX
\c@r@tfl@t=\count91
\rotFPtop=\skip43
\rotFPbot=\skip44
\rot@float@box=\box26
\rot@mess@toks=\toks17
)
\c@@plots=\count92

(/opt/local/share/texmf-texlive/tex/latex/subfig/subfig.sty
Package: subfig 2005/06/28 ver: 1.3 subfig package

(/opt/local/share/texmf-texlive/tex/latex/caption/caption.sty
Package: caption 2016/02/21 v3.3-144 Customizing captions (AR)

(/opt/local/share/texmf-texlive/tex/latex/caption/caption3.sty
Package: caption3 2016/02/04 v1.7-139 caption3 kernel (AR)
Package caption3 Info: TeX engine: e-TeX on input line 67.
\captionmargin=\dimen105
\captionmargin@=\dimen106
\captionwidth=\dimen107
\caption@tempdima=\dimen108
\caption@indent=\dimen109
\caption@parindent=\dimen110
\caption@hangindent=\dimen111
)
\c@ContinuedFloat=\count93
Package caption Info: rotating package is loaded.
)
\c@KVtest=\count94
\sf@farskip=\skip45
\sf@captopadj=\dimen112
\sf@capskip=\skip46
\sf@nearskip=\skip47
\c@subfigure=\count95
\c@subfigure@save=\count96
\c@lofdepth=\count97
\c@subtable=\count98
\c@subtable@save=\count99
\c@lotdepth=\count100
\sf@top=\skip48
\sf@bottom=\skip49
)
\c@sub@fig=\count101
\c@@tabls=\count102

(/opt/local/share/texmf-texlive/tex/latex/natbib/natbib.sty
Package: natbib 2010/09/13 8.31b (PWD, AO)
\bibhang=\skip50
\bibsep=\skip51
LaTeX Info: Redefining \cite on input line 694.
\c@NAT@ctr=\count103
)
LaTeX Info: Redefining \refname on input line 324.
\c@@append=\count104
)
(/opt/local/share/texmf-texlive/tex/latex/psnfss/times.sty
Package: times 2005/04/12 PSNFSS-v9.2a (SPQR) 
)
(/opt/local/share/texmf-texlive/tex/latex/amsmath/amsmath.sty
Package: amsmath 2016/03/10 v2.15b AMS math features
\@mathmargin=\skip52

For additional information on amsmath, use the `?' option.
(/opt/local/share/texmf-texlive/tex/latex/amsmath/amstext.sty
Package: amstext 2000/06/29 v2.01 AMS text

(/opt/local/share/texmf-texlive/tex/latex/amsmath/amsgen.sty
File: amsgen.sty 1999/11/30 v2.0 generic functions
\@emptytoks=\toks18
\ex@=\dimen113
))
(/opt/local/share/texmf-texlive/tex/latex/amsmath/amsbsy.sty
Package: amsbsy 1999/11/29 v1.2d Bold Symbols
\pmbraise@=\dimen114
)
(/opt/local/share/texmf-texlive/tex/latex/amsmath/amsopn.sty
Package: amsopn 2016/03/08 v2.02 operator names
)
\inf@bad=\count105
LaTeX Info: Redefining \frac on input line 199.
\uproot@=\count106
\leftroot@=\count107
LaTeX Info: Redefining \overline on input line 297.
\classnum@=\count108
\DOTSCASE@=\count109
LaTeX Info: Redefining \ldots on input line 394.
LaTeX Info: Redefining \dots on input line 397.
LaTeX Info: Redefining \cdots on input line 518.
\Mathstrutbox@=\box27
\strutbox@=\box28
\big@size=\dimen115
LaTeX Font Info:    Redeclaring font encoding OML on input line 634.
LaTeX Font Info:    Redeclaring font encoding OMS on input line 635.
\macc@depth=\count110
\c@MaxMatrixCols=\count111
\dotsspace@=\muskip10
\c@parentequation=\count112
\dspbrk@lvl=\count113
\tag@help=\toks19
\row@=\count114
\column@=\count115
\maxfields@=\count116
\andhelp@=\toks20
\eqnshift@=\dimen116
\alignsep@=\dimen117
\tagshift@=\dimen118
\tagwidth@=\dimen119
\totwidth@=\dimen120
\lineht@=\dimen121
\@envbody=\toks21
\multlinegap=\skip53
\multlinetaggap=\skip54
\mathdisplay@stack=\toks22
LaTeX Info: Redefining \[ on input line 2739.
LaTeX Info: Redefining \] on input line 2740.
)
(/opt/local/share/texmf-texlive/tex/latex/graphics/color.sty
Package: color 2016/05/09 v1.1c Standard LaTeX Color (DPC)

(/opt/local/share/texmf-texlive/tex/latex/graphics-cfg/color.cfg
File: color.cfg 2016/01/02 v1.6 sample color configuration
)
Package color Info: Driver file: pdftex.def on input line 144.
)
(/opt/local/share/texmf-texlive/tex/latex/amsfonts/amssymb.sty
Package: amssymb 2013/01/14 v3.01 AMS font symbols

(/opt/local/share/texmf-texlive/tex/latex/amsfonts/amsfonts.sty
Package: amsfonts 2013/01/14 v3.01 Basic AMSFonts support
\symAMSa=\mathgroup4
\symAMSb=\mathgroup5
LaTeX Font Info:    Overwriting math alphabet `\mathfrak' in version `bold'
(Font)                  U/euf/m/n --> U/euf/b/n on input line 106.
))
(/opt/local/share/texmf-texlive/tex/latex/lineno/lineno.sty
Package: lineno 2005/11/02 line numbers on paragraphs v4.41
\linenopenalty=\count117
\output=\toks23
\linenoprevgraf=\count118
\linenumbersep=\dimen122
\linenumberwidth=\dimen123
\c@linenumber=\count119
\c@pagewiselinenumber=\count120
\c@LN@truepage=\count121
\c@internallinenumber=\count122
\c@internallinenumbers=\count123
\quotelinenumbersep=\dimen124
\bframerule=\dimen125
\bframesep=\dimen126
\bframebox=\box29
LaTeX Info: Redefining \\ on input line 3056.
)
(/opt/local/share/texmf-texlive/tex/latex/setspace/setspace.sty
Package: setspace 2011/12/19 v6.7a set line spacing
)
(/opt/local/share/texmf-texlive/tex/generic/ulem/ulem.sty
\UL@box=\box30
\UL@hyphenbox=\box31
\UL@skip=\skip55
\UL@hook=\toks24
\UL@height=\dimen127
\UL@pe=\count124
\UL@pixel=\dimen128
\ULC@box=\box32
Package: ulem 2012/05/18
\ULdepth=\dimen129
)
(/opt/local/share/texmf-texlive/tex/latex/algorithms/algorithmic.sty
Package: algorithmic 2009/08/24 v0.1 Document Style `algorithmic'
\c@ALC@unique=\count125
\c@ALC@line=\count126
\c@ALC@rem=\count127
\c@ALC@depth=\count128
\ALC@tlm=\skip56
\algorithmicindent=\skip57
)
(/opt/local/share/texmf-texlive/tex/latex/algorithms/algorithm.sty
Package: algorithm 2009/08/24 v0.1 Document Style `algorithm' - floating enviro
nment

(/opt/local/share/texmf-texlive/tex/latex/float/float.sty
Package: float 2001/11/08 v1.3d Float enhancements (AL)
\c@float@type=\count129
\float@exts=\toks25
\float@box=\box33
\@float@everytoks=\toks26
\@floatcapt=\box34
)
\@float@every@algorithm=\toks27
\c@algorithm=\count130
)
(/opt/local/share/texmf-texlive/tex/latex/framed/framed.sty
Package: framed 2011/10/22 v 0.96: framed or shaded text with page breaks
\OuterFrameSep=\skip58
\fb@frw=\dimen130
\fb@frh=\dimen131
\FrameRule=\dimen132
\FrameSep=\dimen133
) (./articleA.aux)
\openout1 = `articleA.aux'.

LaTeX Font Info:    Checking defaults for OML/cmm/m/it on input line 24.
LaTeX Font Info:    ... okay on input line 24.
LaTeX Font Info:    Checking defaults for T1/cmr/m/n on input line 24.
LaTeX Font Info:    ... okay on input line 24.
LaTeX Font Info:    Checking defaults for OT1/cmr/m/n on input line 24.
LaTeX Font Info:    ... okay on input line 24.
LaTeX Font Info:    Checking defaults for OMS/cmsy/m/n on input line 24.
LaTeX Font Info:    ... okay on input line 24.
LaTeX Font Info:    Checking defaults for OMX/cmex/m/n on input line 24.
LaTeX Font Info:    ... okay on input line 24.
LaTeX Font Info:    Checking defaults for U/cmr/m/n on input line 24.
LaTeX Font Info:    ... okay on input line 24.
LaTeX Font Info:    Try loading font information for OT1+ptm on input line 24.

(/opt/local/share/texmf-texlive/tex/latex/psnfss/ot1ptm.fd
File: ot1ptm.fd 2001/06/04 font definitions for OT1/ptm.
)
(/opt/local/share/texmf-texlive/tex/context/base/mkii/supp-pdf.mkii
[Loading MPS to PDF converter (version 2006.09.02).]
\scratchcounter=\count131
\scratchdimen=\dimen134
\scratchbox=\box35
\nofMPsegments=\count132
\nofMParguments=\count133
\everyMPshowfont=\toks28
\MPscratchCnt=\count134
\MPscratchDim=\dimen135
\MPnumerator=\count135
\makeMPintoPDFobject=\count136
\everyMPtoPDFconversion=\toks29
) (/opt/local/share/texmf-texlive/tex/generic/oberdiek/pdftexcmds.sty
Package: pdftexcmds 2016/05/10 v0.21 Utility functions of pdfTeX for LuaTeX (HO
)

(/opt/local/share/texmf-texlive/tex/generic/oberdiek/ifluatex.sty
Package: ifluatex 2016/05/16 v1.4 Provides the ifluatex switch (HO)
Package ifluatex Info: LuaTeX not detected.
)
Package pdftexcmds Info: LuaTeX not detected.
Package pdftexcmds Info: \pdf@primitive is available.
Package pdftexcmds Info: \pdf@ifprimitive is available.
Package pdftexcmds Info: \pdfdraftmode found.
)
(/opt/local/share/texmf-texlive/tex/latex/oberdiek/epstopdf-base.sty
Package: epstopdf-base 2016/05/15 v2.6 Base part for package epstopdf

(/opt/local/share/texmf-texlive/tex/latex/oberdiek/grfext.sty
Package: grfext 2016/05/16 v1.2 Manage graphics extensions (HO)

(/opt/local/share/texmf-texlive/tex/generic/oberdiek/kvdefinekeys.sty
Package: kvdefinekeys 2016/05/16 v1.4 Define keys (HO)
))
(/opt/local/share/texmf-texlive/tex/latex/oberdiek/kvoptions.sty
Package: kvoptions 2016/05/16 v3.12 Key value format for package options (HO)

(/opt/local/share/texmf-texlive/tex/generic/oberdiek/kvsetkeys.sty
Package: kvsetkeys 2016/05/16 v1.17 Key value parser (HO)

(/opt/local/share/texmf-texlive/tex/generic/oberdiek/etexcmds.sty
Package: etexcmds 2016/05/16 v1.6 Avoid name clashes with e-TeX commands (HO)
Package etexcmds Info: Could not find \expanded.
(etexcmds)             That can mean that you are not using pdfTeX 1.50 or
(etexcmds)             that some package has redefined \expanded.
(etexcmds)             In the latter case, load this package earlier.
)))
Package grfext Info: Graphics extension search list:
(grfext)             [.pdf,.png,.eps]
(grfext)             \AppendGraphicsExtensions on input line 456.

(/opt/local/share/texmf-texlive/tex/latex/latexconfig/epstopdf-sys.cfg
File: epstopdf-sys.cfg 2010/07/13 v1.3 Configuration of (r)epstopdf for TeX Liv
e
))
Package caption Info: Begin \AtBeginDocument code.
Package caption Info: subfig package v1.3 is loaded.
Package caption Info: float package is loaded.
Package caption Info: End \AtBeginDocument code.
LaTeX Font Info:    Font shape `OT1/ptm/bx/n' in size <10.95> not available
(Font)              Font shape `OT1/ptm/b/n' tried instead on input line 39.
LaTeX Font Info:    Font shape `OT1/ptm/bx/n' in size <14.4> not available
(Font)              Font shape `OT1/ptm/b/n' tried instead on input line 39.
LaTeX Font Info:    Try loading font information for U+msa on input line 39.

(/opt/local/share/texmf-texlive/tex/latex/amsfonts/umsa.fd
File: umsa.fd 2013/01/14 v3.01 AMS symbols A
)
LaTeX Font Info:    Try loading font information for U+msb on input line 39.

(/opt/local/share/texmf-texlive/tex/latex/amsfonts/umsb.fd
File: umsb.fd 2013/01/14 v3.01 AMS symbols B
)
LaTeX Font Info:    Try loading font information for OT1+phv on input line 39.

(/opt/local/share/texmf-texlive/tex/latex/psnfss/ot1phv.fd
File: ot1phv.fd 2001/06/04 scalable font definitions for OT1/phv.
)
LaTeX Font Info:    Font shape `OT1/ptm/bx/n' in size <12> not available
(Font)              Font shape `OT1/ptm/b/n' tried instead on input line 39.
 [1

{/opt/local/var/db/texmf/fonts/map/pdftex/updmap/pdftex.map}] [2] [3] [4] [5] [
6]
(./FiberSensitivity.tex [7] [8] [9]) (./TwoD.tex [10] [11] [12] [13] [14]
[15]

LaTeX Warning: No positions in optional float specifier.
               Default added (so using `tbp') on input line 66.


LaTeX Warning: Reference `fig:POSTERIORS-vsource' on page 16 undefined on input
 line 84.

[16] [17] [18] [19]

LaTeX Warning: No positions in optional float specifier.
               Default added (so using `tbp') on input line 113.


LaTeX Warning: No positions in optional float specifier.
               Default added (so using `tbp') on input line 132.

[20]) (./ThreeD.tex [21] [22] [23]

LaTeX Warning: Reference `cha:FiberAttributes' on page 24 undefined on input li
ne 63.

[24] [25]) (./articleA.bbl [26]
Missing character: There is no â in font ptmr7t!
Missing character: There is no € in font ptmr7t!
Missing character: There is no ™ in font ptmr7t!
Missing character: There is no â in font ptmr7t!
Missing character: There is no € in font ptmr7t!
Missing character: There is no ™ in font ptmr7t!
 [27] [28]) [29] (./articleA.lof)
\tf@lof=\write3
\openout3 = `articleA.lof'.


<./Fig/dasngeophone.pdf, id=105, 884.30376pt x 516.93124pt>
File: ./Fig/dasngeophone.pdf Graphic file (type pdf)

<use ./Fig/dasngeophone.pdf>
Package pdftex.def Info: ./Fig/dasngeophone.pdf used on input line 88.
(pdftex.def)             Requested size: 433.62pt x 253.47993pt.
 [30] [31] [32 <./Fig/dasngeophone.pdf>]
<./Fig/Preflection2.pdf, id=120, 757.14638pt x 405.64433pt>
File: ./Fig/Preflection2.pdf Graphic file (type pdf)

<use ./Fig/Preflection2.pdf>
Package pdftex.def Info: ./Fig/Preflection2.pdf used on input line 88.
(pdftex.def)             Requested size: 433.62pt x 232.31523pt.

<./Fig/SVReflection2.pdf, id=121, 761.78743pt x 430.09122pt>
File: ./Fig/SVReflection2.pdf Graphic file (type pdf)

<use ./Fig/SVReflection2.pdf>
Package pdftex.def Info: ./Fig/SVReflection2.pdf used on input line 88.
(pdftex.def)             Requested size: 433.62pt x 244.81328pt.

Overfull \hbox (2.73749pt too wide) in paragraph at lines 88--88
 [][] 
 []


Overfull \hbox (2.73749pt too wide) in paragraph at lines 88--88
 [] 
 []


LaTeX Warning: Float too large for page by 30.09856pt on input line 88.

[33 <./Fig/Preflection2.pdf> <./Fig/SVReflection2.pdf>]
<./Fig/TotPwave.pdf, id=168, 1127.21124pt x 640.3925pt>
File: ./Fig/TotPwave.pdf Graphic file (type pdf)

<use ./Fig/TotPwave.pdf>
Package pdftex.def Info: ./Fig/TotPwave.pdf used on input line 88.
(pdftex.def)             Requested size: 433.62pt x 246.35155pt.

<./Fig/TotSwave.pdf, id=169, 1127.21124pt x 640.3925pt>
File: ./Fig/TotSwave.pdf Graphic file (type pdf)

<use ./Fig/TotSwave.pdf>
Package pdftex.def Info: ./Fig/TotSwave.pdf used on input line 88.
(pdftex.def)             Requested size: 433.62pt x 246.35155pt.

Overfull \hbox (2.73749pt too wide) in paragraph at lines 88--88
 [][] 
 []


Overfull \hbox (2.73749pt too wide) in paragraph at lines 88--88
 [] 
 []


LaTeX Warning: Float too large for page by 18.47313pt on input line 88.

[34 <./Fig/TotPwave.pdf> <./Fig/TotSwave.pdf>]
<./Fig/FaultModelCornerView.pdf, id=177, 794.97pt x 614.295pt>
File: ./Fig/FaultModelCornerView.pdf Graphic file (type pdf)

<use ./Fig/FaultModelCornerView.pdf>
Package pdftex.def Info: ./Fig/FaultModelCornerView.pdf used on input line 88.
(pdftex.def)             Requested size: 433.62pt x 335.07939pt.
 [35 <./Fig/FaultModelCornerView.pdf>]
<./Fig/dtestVP.pdf, id=195, 668.4975pt x 619.31375pt>
File: ./Fig/dtestVP.pdf Graphic file (type pdf)
 <use ./Fig/dtestVP.pdf>
Package pdftex.def Info: ./Fig/dtestVP.pdf used on input line 88.
(pdftex.def)             Requested size: 433.62pt x 401.72702pt.

[36 <./Fig/dtestVP.pdf>]
<./Fig/dtestEIMGS.pdf, id=202, 668.4975pt x 619.31375pt>
File: ./Fig/dtestEIMGS.pdf Graphic file (type pdf)

<use ./Fig/dtestEIMGS.pdf>
Package pdftex.def Info: ./Fig/dtestEIMGS.pdf used on input line 88.
(pdftex.def)             Requested size: 203.80193pt x 188.81009pt.

<./Fig/dtestEIMGSDAS.pdf, id=203, 668.4975pt x 619.31375pt>
File: ./Fig/dtestEIMGSDAS.pdf Graphic file (type pdf)

<use ./Fig/dtestEIMGSDAS.pdf>
Package pdftex.def Info: ./Fig/dtestEIMGSDAS.pdf used on input line 88.
(pdftex.def)             Requested size: 203.80193pt x 188.81009pt.

<./Fig/dtestTot.pdf, id=204, 668.4975pt x 619.31375pt>
File: ./Fig/dtestTot.pdf Graphic file (type pdf)

<use ./Fig/dtestTot.pdf>
Package pdftex.def Info: ./Fig/dtestTot.pdf used on input line 88.
(pdftex.def)             Requested size: 203.80193pt x 188.81009pt.
 [37 <./Fig/dtestEIMGS.pdf> <./Fig/dtestEIMGSDAS.pdf> <./Fig/dtestTot.pdf>]
<./Fig/EnergyMedCut.pdf, id=218, 231.86626pt x 214.8025pt>
File: ./Fig/EnergyMedCut.pdf Graphic file (type pdf)

<use ./Fig/EnergyMedCut.pdf>
Package pdftex.def Info: ./Fig/EnergyMedCut.pdf used on input line 88.
(pdftex.def)             Requested size: 433.62pt x 401.74419pt.
 [38 <./Fig/EnergyMedCut.pdf>]
<./Fig/Inceptionv3A.pdf, id=232, 505.89pt x 361.35pt>
File: ./Fig/Inceptionv3A.pdf Graphic file (type pdf)

<use ./Fig/Inceptionv3A.pdf>
Package pdftex.def Info: ./Fig/Inceptionv3A.pdf used on input line 88.
(pdftex.def)             Requested size: 433.62pt x 309.7349pt.
 [39 <./Fig/Inceptionv3A.pdf>]
<./Fig/HorizonExamples.pdf, id=250, 650.43pt x 397.485pt>
File: ./Fig/HorizonExamples.pdf Graphic file (type pdf)

<use ./Fig/HorizonExamples.pdf>
Package pdftex.def Info: ./Fig/HorizonExamples.pdf used on input line 88.
(pdftex.def)             Requested size: 260.17464pt x 158.99724pt.

<./Fig/NotHorizonExamples.pdf, id=251, 650.43pt x 397.485pt>
File: ./Fig/NotHorizonExamples.pdf Graphic file (type pdf)

<use ./Fig/NotHorizonExamples.pdf>
Package pdftex.def Info: ./Fig/NotHorizonExamples.pdf used on input line 88.
(pdftex.def)             Requested size: 260.17464pt x 158.99724pt.
 [40 <./Fig/HorizonExamples.pdf> <./Fig/NotHorizonExamples.pdf>]
<./Fig/VelocityComparison.pdf, id=315, 246.9225pt x 195.73125pt>
File: ./Fig/VelocityComparison.pdf Graphic file (type pdf)

<use ./Fig/VelocityComparison.pdf>
Package pdftex.def Info: ./Fig/VelocityComparison.pdf used on input line 88.
(pdftex.def)             Requested size: 303.53267pt x 240.61957pt.
 [41 <./Fig/VelocityComparison.pdf>]
<./Fig/EricModel-Mean.pdf, id=333, 350.30875pt x 299.1175pt>
File: ./Fig/EricModel-Mean.pdf Graphic file (type pdf)

<use ./Fig/EricModel-Mean.pdf>
Package pdftex.def Info: ./Fig/EricModel-Mean.pdf used on input line 88.
(pdftex.def)             Requested size: 433.62pt x 370.28113pt.
 [42 <./Fig/EricModel-Mean.pdf>]
<./Fig/VectorDirections.pdf, id=348, 1228.59pt x 578.16pt>
File: ./Fig/VectorDirections.pdf Graphic file (type pdf)

<use ./Fig/VectorDirections.pdf>
Package pdftex.def Info: ./Fig/VectorDirections.pdf used on input line 88.
(pdftex.def)             Requested size: 433.62pt x 204.05286pt.
 [43 <./Fig/VectorDirections.pdf>]
<./Fig/den3D.pdf, id=377, 863.225pt x 685.56125pt>
File: ./Fig/den3D.pdf Graphic file (type pdf)
 <use ./Fig/den3D.pdf>
Package pdftex.def Info: ./Fig/den3D.pdf used on input line 88.
(pdftex.def)             Requested size: 433.62pt x 344.36983pt.

[44 <./Fig/den3D.pdf>] (./articleA.aux)

LaTeX Warning: There were undefined references.

 ) 
Here is how much of TeX's memory you used:
 5191 strings out of 494114
 76804 string characters out of 6155600
 148170 words of memory out of 5000000
 8424 multiletter control sequences out of 15000+600000
 20900 words of font info for 49 fonts, out of 8000000 for 9000
 430 hyphenation exceptions out of 8191
 53i,10n,51p,1980b,397s stack positions out of 5000i,500n,10000p,200000b,80000s
{/opt/local/share/texmf-texlive/fonts/enc/dvips/base/8r.enc}</opt/local/share
/texmf-texlive/fonts/type1/public/amsfonts/cm/cmex10.pfb></opt/local/share/texm
f-texlive/fonts/type1/public/amsfonts/cm/cmmi10.pfb></opt/local/share/texmf-tex
live/fonts/type1/public/amsfonts/cm/cmmi8.pfb></opt/local/share/texmf-texlive/f
onts/type1/public/amsfonts/cm/cmr10.pfb></opt/local/share/texmf-texlive/fonts/t
ype1/public/amsfonts/cm/cmr8.pfb></opt/local/share/texmf-texlive/fonts/type1/pu
blic/amsfonts/cm/cmsy10.pfb></opt/local/share/texmf-texlive/fonts/type1/public/
amsfonts/cm/cmsy8.pfb></opt/local/share/texmf-texlive/fonts/type1/urw/helvetic/
uhvr8a.pfb></opt/local/share/texmf-texlive/fonts/type1/urw/times/utmb8a.pfb></o
pt/local/share/texmf-texlive/fonts/type1/urw/times/utmr8a.pfb></opt/local/share
/texmf-texlive/fonts/type1/urw/times/utmri8a.pfb>
Output written on articleA.pdf (44 pages, 2750903 bytes).
PDF statistics:
 423 PDF objects out of 1000 (max. 8388607)
 293 compressed objects within 3 object streams
 0 named destinations out of 1000 (max. 500000)
 91 words of extra memory for PDF output out of 10000 (max. 10000000)

